<?xml version="1.0" encoding="UTF-8"?>
<!-- Generated by org.testng.reporters.JUnitReportReporter -->
<testsuite hostname="DESKTOP-JT1USRJ" name="com.test.NewTest" tests="1" failures="0" timestamp="23 Apr 2020 11:53:04 GMT" time="23.995" errors="0">
  <testcase name="testEasy" time="23.995" classname="com.test.NewTest"/>
</testsuite> <!-- com.test.NewTest -->
