<?xml version="1.0" encoding="UTF-8"?>
<!-- Generated by org.testng.reporters.JUnitReportReporter -->
<testsuite hostname="DESKTOP-JT1USRJ" name="com.test.NewTestDemo" tests="1" failures="0" timestamp="23 Apr 2020 11:53:04 GMT" time="12.590" errors="0">
  <testcase name="testEasy" time="12.590" classname="com.test.NewTestDemo"/>
</testsuite> <!-- com.test.NewTestDemo -->
